<?xml version="1.0" encoding="UTF-8"?>
<testsuite name="com.ait.qa34.tests.HomePageTests" tests="1" skipped="0" failures="0" errors="0" timestamp="2024-04-09T19:55:20" hostname="MacBook-Air-Irena.local" time="0.042">
  <properties/>
  <testcase name="isHomeComponentPresent" classname="com.ait.qa34.tests.HomePageTests" time="0.042"/>
  <system-out><![CDATA[]]></system-out>
  <system-err><![CDATA[]]></system-err>
</testsuite>
